<?xml version="1.0" encoding="UTF-8"?>
<!-- Generated by org.testng.reporters.JUnitXMLReporter -->
<testsuite hostname="DESKTOP-C6FREFO" name="Test" tests="3" failures="0" timestamp="13 Oct 2021 07:55:02 GMT" time="19.219" errors="0">
  <testcase name="TC01" time="3.39" classname="com.Search.tests.GoogleSearchTC"/>
  <testcase name="TC01" time="5.137" classname="com.Search.tests.GoogleSearchTC"/>
  <testcase name="TC01" time="2.861" classname="com.Search.tests.GoogleSearchTC"/>
</testsuite> <!-- Test -->
